  glm.c
d:\nthu\大三\計算機圖學\hw1\cg_hw1\studentid_hw_x\cg_hw1\cg_hw1\glm.c(1450): warning C4477: 'fprintf' : 格式字串 '%d' 需要 'int' 類型的引數，但 variadic 引數 1 的類型為 'GLfloat *'
  main.cpp
d:\nthu\大三\計算機圖學\hw1\cg_hw1\studentid_hw_x\cg_hw1\cg_hw1\main.cpp(329): warning C4305: '=': 從 'double' 轉換為 'GLfloat'，是由較大的類型轉換為較小的類型，可能導致資料遺失
d:\nthu\大三\計算機圖學\hw1\cg_hw1\studentid_hw_x\cg_hw1\cg_hw1\main.cpp(330): warning C4305: '=': 從 'double' 轉換為 'GLfloat'，是由較大的類型轉換為較小的類型，可能導致資料遺失
d:\nthu\大三\計算機圖學\hw1\cg_hw1\studentid_hw_x\cg_hw1\cg_hw1\main.cpp(332): warning C4018: '<': signed/unsigned 不相符
d:\nthu\大三\計算機圖學\hw1\cg_hw1\studentid_hw_x\cg_hw1\cg_hw1\main.cpp(357): warning C4018: '<': signed/unsigned 不相符
d:\nthu\大三\計算機圖學\hw1\cg_hw1\studentid_hw_x\cg_hw1\cg_hw1\main.cpp(359): warning C4244: '=': 將 'double' 轉換為 'GLfloat'，由於類型不同，可能導致資料遺失
d:\nthu\大三\計算機圖學\hw1\cg_hw1\studentid_hw_x\cg_hw1\cg_hw1\main.cpp(360): warning C4244: '=': 將 'double' 轉換為 'GLfloat'，由於類型不同，可能導致資料遺失
d:\nthu\大三\計算機圖學\hw1\cg_hw1\studentid_hw_x\cg_hw1\cg_hw1\main.cpp(361): warning C4244: '=': 將 'double' 轉換為 'GLfloat'，由於類型不同，可能導致資料遺失
d:\nthu\大三\計算機圖學\hw1\cg_hw1\studentid_hw_x\cg_hw1\cg_hw1\main.cpp(421): warning C4838: 從 'double' 到 'GLfloat' 的轉換必須是縮小轉換
d:\nthu\大三\計算機圖學\hw1\cg_hw1\studentid_hw_x\cg_hw1\cg_hw1\main.cpp(421): warning C4305: '正在初始化': 從 'double' 轉換為 'GLfloat'，是由較大的類型轉換為較小的類型，可能導致資料遺失
d:\nthu\大三\計算機圖學\hw1\cg_hw1\studentid_hw_x\cg_hw1\cg_hw1\main.cpp(540): warning C4305: '-=': 從 'double' 轉換為 'float'，是由較大的類型轉換為較小的類型，可能導致資料遺失
d:\nthu\大三\計算機圖學\hw1\cg_hw1\studentid_hw_x\cg_hw1\cg_hw1\main.cpp(550): warning C4305: '+=': 從 'double' 轉換為 'float'，是由較大的類型轉換為較小的類型，可能導致資料遺失
d:\nthu\大三\計算機圖學\hw1\cg_hw1\studentid_hw_x\cg_hw1\cg_hw1\main.cpp(566): warning C4305: '+=': 從 'double' 轉換為 'float'，是由較大的類型轉換為較小的類型，可能導致資料遺失
d:\nthu\大三\計算機圖學\hw1\cg_hw1\studentid_hw_x\cg_hw1\cg_hw1\main.cpp(570): warning C4305: '+=': 從 'double' 轉換為 'float'，是由較大的類型轉換為較小的類型，可能導致資料遺失
d:\nthu\大三\計算機圖學\hw1\cg_hw1\studentid_hw_x\cg_hw1\cg_hw1\main.cpp(574): warning C4305: '+=': 從 'double' 轉換為 'float'，是由較大的類型轉換為較小的類型，可能導致資料遺失
d:\nthu\大三\計算機圖學\hw1\cg_hw1\studentid_hw_x\cg_hw1\cg_hw1\main.cpp(584): warning C4305: '+=': 從 'double' 轉換為 'float'，是由較大的類型轉換為較小的類型，可能導致資料遺失
d:\nthu\大三\計算機圖學\hw1\cg_hw1\studentid_hw_x\cg_hw1\cg_hw1\main.cpp(594): warning C4305: '-=': 從 'double' 轉換為 'float'，是由較大的類型轉換為較小的類型，可能導致資料遺失
d:\nthu\大三\計算機圖學\hw1\cg_hw1\studentid_hw_x\cg_hw1\cg_hw1\main.cpp(610): warning C4305: '-=': 從 'double' 轉換為 'float'，是由較大的類型轉換為較小的類型，可能導致資料遺失
d:\nthu\大三\計算機圖學\hw1\cg_hw1\studentid_hw_x\cg_hw1\cg_hw1\main.cpp(614): warning C4305: '-=': 從 'double' 轉換為 'float'，是由較大的類型轉換為較小的類型，可能導致資料遺失
d:\nthu\大三\計算機圖學\hw1\cg_hw1\studentid_hw_x\cg_hw1\cg_hw1\main.cpp(618): warning C4305: '-=': 從 'double' 轉換為 'float'，是由較大的類型轉換為較小的類型，可能導致資料遺失
d:\nthu\大三\計算機圖學\hw1\cg_hw1\studentid_hw_x\cg_hw1\cg_hw1\main.cpp(646): warning C4244: '+=': 將 'double' 轉換為 'float'，由於類型不同，可能導致資料遺失
d:\nthu\大三\計算機圖學\hw1\cg_hw1\studentid_hw_x\cg_hw1\cg_hw1\main.cpp(647): warning C4244: '+=': 將 'double' 轉換為 'float'，由於類型不同，可能導致資料遺失
d:\nthu\大三\計算機圖學\hw1\cg_hw1\studentid_hw_x\cg_hw1\cg_hw1\main.cpp(657): warning C4244: '+=': 將 'double' 轉換為 'float'，由於類型不同，可能導致資料遺失
d:\nthu\大三\計算機圖學\hw1\cg_hw1\studentid_hw_x\cg_hw1\cg_hw1\main.cpp(658): warning C4244: '+=': 將 'double' 轉換為 'float'，由於類型不同，可能導致資料遺失
d:\nthu\大三\計算機圖學\hw1\cg_hw1\studentid_hw_x\cg_hw1\cg_hw1\main.cpp(675): warning C4244: '+=': 將 'double' 轉換為 'float'，由於類型不同，可能導致資料遺失
d:\nthu\大三\計算機圖學\hw1\cg_hw1\studentid_hw_x\cg_hw1\cg_hw1\main.cpp(676): warning C4244: '-=': 將 'double' 轉換為 'float'，由於類型不同，可能導致資料遺失
d:\nthu\大三\計算機圖學\hw1\cg_hw1\studentid_hw_x\cg_hw1\cg_hw1\main.cpp(680): warning C4244: '+=': 將 'double' 轉換為 'float'，由於類型不同，可能導致資料遺失
d:\nthu\大三\計算機圖學\hw1\cg_hw1\studentid_hw_x\cg_hw1\cg_hw1\main.cpp(681): warning C4244: '+=': 將 'double' 轉換為 'float'，由於類型不同，可能導致資料遺失
d:\nthu\大三\計算機圖學\hw1\cg_hw1\studentid_hw_x\cg_hw1\cg_hw1\main.cpp(685): warning C4244: '+=': 將 'double' 轉換為 'float'，由於類型不同，可能導致資料遺失
d:\nthu\大三\計算機圖學\hw1\cg_hw1\studentid_hw_x\cg_hw1\cg_hw1\main.cpp(686): warning C4244: '+=': 將 'double' 轉換為 'float'，由於類型不同，可能導致資料遺失
d:\nthu\大三\計算機圖學\hw1\cg_hw1\studentid_hw_x\cg_hw1\cg_hw1\main.cpp(783): warning C4244: '=': 將 'int' 轉換為 'GLfloat'，由於類型不同，可能導致資料遺失
d:\nthu\大三\計算機圖學\hw1\cg_hw1\studentid_hw_x\cg_hw1\cg_hw1\main.cpp(826): warning C4018: '<': signed/unsigned 不相符
d:\nthu\大三\計算機圖學\hw1\cg_hw1\studentid_hw_x\cg_hw1\cg_hw1\main.cpp(875): warning C4018: '<': signed/unsigned 不相符
  Matrices.cpp
d:\nthu\大三\計算機圖學\hw1\cg_hw1\studentid_hw_x\cg_hw1\cg_hw1\matrices.cpp(457): warning C4244: '引數': 將 'double' 轉換為 'float'，由於類型不同，可能導致資料遺失
d:\nthu\大三\計算機圖學\hw1\cg_hw1\studentid_hw_x\cg_hw1\cg_hw1\matrices.cpp(458): warning C4244: '引數': 將 'double' 轉換為 'float'，由於類型不同，可能導致資料遺失
  textfile.cpp
  正在產生程式碼
  39 of 291 functions (13.4%) were compiled, the rest were copied from previous compilation.
    0 functions were new in current compilation
    4 functions had inline decision re-evaluated but remain unchanged
  已完成程式碼產生
  CG_HW1.vcxproj -> D:\NTHU\大三\計算機圖學\HW1\CG_HW1\StudentID_HW_x\CG_HW1\Release\CG_HW1.exe
